<?xml version="1.0" encoding="UTF-8"?>
<testng-results ignored="0" total="1" passed="1" failed="0" skipped="0">
  <reporter-output>
  </reporter-output>
  <suite started-at="2022-12-08T14:25:02 EST" name="Surefire suite" finished-at="2022-12-08T14:25:11 EST" duration-ms="8258">
    <groups>
    </groups>
    <test started-at="2022-12-08T14:25:02 EST" name="Surefire test" finished-at="2022-12-08T14:25:11 EST" duration-ms="8258">
      <class name="pratice.itedge.LoginTest">
        <test-method is-config="true" signature="beforeclass()[pri:0, instance:pratice.itedge.LoginTest@6c3f5566]" started-at="2022-12-08T14:25:02 EST" name="beforeclass" finished-at="2022-12-08T14:25:06 EST" duration-ms="3308" status="PASS">
          <reporter-output>
          </reporter-output>
        </test-method> <!-- beforeclass -->
        <test-method signature="test()[pri:0, instance:pratice.itedge.LoginTest@6c3f5566]" started-at="2022-12-08T14:25:06 EST" name="test" finished-at="2022-12-08T14:25:10 EST" duration-ms="4454" status="PASS">
          <reporter-output>
          </reporter-output>
        </test-method> <!-- test -->
        <test-method is-config="true" signature="afterclass()[pri:0, instance:pratice.itedge.LoginTest@6c3f5566]" started-at="2022-12-08T14:25:10 EST" name="afterclass" finished-at="2022-12-08T14:25:11 EST" duration-ms="482" status="PASS">
          <reporter-output>
          </reporter-output>
        </test-method> <!-- afterclass -->
      </class> <!-- pratice.itedge.LoginTest -->
    </test> <!-- Surefire test -->
  </suite> <!-- Surefire suite -->
</testng-results>
