<?xml version="1.0" encoding="UTF-8"?>
<testng-results ignored="0" total="1" passed="1" failed="0" skipped="0">
  <reporter-output>
  </reporter-output>
  <suite started-at="2022-12-07T23:58:55 EST" name="Default suite" finished-at="2022-12-07T23:59:09 EST" duration-ms="14033">
    <groups>
    </groups>
    <test started-at="2022-12-07T23:58:55 EST" name="Default test" finished-at="2022-12-07T23:59:09 EST" duration-ms="14033">
      <class name="pratice.itedge.logintest">
        <test-method is-config="true" signature="beforeclass()[pri:0, instance:pratice.itedge.logintest@7f485fda]" started-at="2022-12-07T23:58:55 EST" name="beforeclass" finished-at="2022-12-07T23:59:03 EST" duration-ms="8485" status="PASS">
          <reporter-output>
          </reporter-output>
        </test-method> <!-- beforeclass -->
        <test-method signature="test()[pri:0, instance:pratice.itedge.logintest@7f485fda]" started-at="2022-12-07T23:59:03 EST" name="test" finished-at="2022-12-07T23:59:08 EST" duration-ms="4356" status="PASS">
          <reporter-output>
          </reporter-output>
        </test-method> <!-- test -->
        <test-method is-config="true" signature="afterclass()[pri:0, instance:pratice.itedge.logintest@7f485fda]" started-at="2022-12-07T23:59:08 EST" name="afterclass" finished-at="2022-12-07T23:59:09 EST" duration-ms="1145" status="PASS">
          <reporter-output>
          </reporter-output>
        </test-method> <!-- afterclass -->
      </class> <!-- pratice.itedge.logintest -->
    </test> <!-- Default test -->
  </suite> <!-- Default suite -->
</testng-results>
